\BOOKMARK [0][-]{dummy.4}{\376\377\000C\000E\000R\000T\000I\000F\000I\000C\000A\000T\000E}{}% 1
\BOOKMARK [0][-]{dummy.6}{\376\377\000B\000O\000N\000A\000F\000I\000D\000E\000\040\000C\000E\000R\000T\000I\000F\000I\000C\000A\000T\000E}{}% 2
\BOOKMARK [0][-]{dummy.8}{\376\377\000A\000C\000K\000N\000O\000W\000L\000E\000D\000G\000E\000M\000E\000N\000T}{}% 3
\BOOKMARK [0][-]{dummy.9}{\376\377\000D\000E\000C\000L\000A\000R\000A\000T\000I\000O\000N}{}% 4
\BOOKMARK [0][-]{dummy.10}{\376\377\000A\000B\000S\000T\000R\000A\000C\000T}{}% 5
\BOOKMARK [0][-]{dummy.12}{\376\377\000L\000I\000S\000T\000\040\000O\000F\000\040\000F\000I\000G\000U\000R\000E\000S}{}% 6
\BOOKMARK [0][-]{dummy.14}{\376\377\000L\000I\000S\000T\000\040\000O\000F\000\040\000T\000A\000B\000L\000E\000S}{}% 7
\BOOKMARK [0][-]{dummy.16}{\376\377\000G\000L\000O\000S\000S\000A\000R\000Y}{}% 8
\BOOKMARK [0][-]{chapter.17}{\376\377\0001\000\040\000I\000N\000T\000R\000O\000D\000U\000C\000T\000I\000O\000N}{}% 9
\BOOKMARK [1][-]{section.18}{\376\377\0001\000.\0001\000\040\000B\000a\000c\000k\000g\000r\000o\000u\000n\000d\000\040\000a\000n\000d\000\040\000M\000o\000t\000i\000v\000a\000t\000i\000o\000n}{chapter.17}% 10
\BOOKMARK [1][-]{section.19}{\376\377\0001\000.\0002\000\040\000P\000r\000o\000b\000l\000e\000m\000\040\000S\000t\000a\000t\000e\000m\000e\000n\000t}{chapter.17}% 11
\BOOKMARK [1][-]{section.20}{\376\377\0001\000.\0003\000\040\000O\000b\000j\000e\000c\000t\000i\000v\000e\000s}{chapter.17}% 12
\BOOKMARK [1][-]{section.26}{\376\377\0001\000.\0004\000\040\000S\000c\000o\000p\000e\000\040\000a\000n\000d\000\040\000L\000i\000m\000i\000t\000a\000t\000i\000o\000n\000s}{chapter.17}% 13
\BOOKMARK [1][-]{section.27}{\376\377\0001\000.\0005\000\040\000R\000e\000p\000o\000r\000t\000\040\000O\000r\000g\000a\000n\000i\000z\000a\000t\000i\000o\000n}{chapter.17}% 14
\BOOKMARK [0][-]{chapter.28}{\376\377\0002\000\040\000L\000I\000T\000E\000R\000A\000T\000U\000R\000E\000\040\000S\000U\000R\000V\000E\000Y}{}% 15
\BOOKMARK [1][-]{section.29}{\376\377\0002\000.\0001\000\040\000L\000i\000t\000e\000r\000a\000t\000u\000r\000e\000\040\000C\000o\000l\000l\000e\000c\000t\000i\000o\000n\000\040\000a\000n\000d\000\040\000S\000e\000g\000r\000e\000g\000a\000t\000i\000o\000n}{chapter.28}% 16
\BOOKMARK [1][-]{section.31}{\376\377\0002\000.\0002\000\040\000C\000r\000i\000t\000i\000c\000a\000l\000\040\000R\000e\000v\000i\000e\000w}{chapter.28}% 17
\BOOKMARK [2][-]{subsection.32}{\376\377\0002\000.\0002\000.\0001\000\040\000C\000l\000a\000s\000s\000i\000c\000a\000l\000\040\000E\000c\000o\000n\000o\000m\000e\000t\000r\000i\000c\000\040\000M\000o\000d\000e\000l\000s}{section.31}% 18
\BOOKMARK [2][-]{subsection.34}{\376\377\0002\000.\0002\000.\0002\000\040\000D\000e\000e\000p\000\040\000L\000e\000a\000r\000n\000i\000n\000g\000\040\000A\000p\000p\000r\000o\000a\000c\000h\000e\000s}{section.31}% 19
\BOOKMARK [2][-]{subsection.35}{\376\377\0002\000.\0002\000.\0003\000\040\000R\000e\000g\000i\000m\000e\000-\000S\000w\000i\000t\000c\000h\000i\000n\000g\000\040\000a\000n\000d\000\040\000I\000n\000t\000e\000r\000p\000r\000e\000t\000a\000b\000l\000e\000\040\000A\000r\000c\000h\000i\000t\000e\000c\000t\000u\000r\000e\000s}{section.31}% 20
\BOOKMARK [1][-]{section.36}{\376\377\0002\000.\0003\000\040\000R\000e\000s\000e\000a\000r\000c\000h\000\040\000G\000a\000p\000\040\000I\000d\000e\000n\000t\000i\000f\000i\000e\000d}{chapter.28}% 21
\BOOKMARK [0][-]{chapter.41}{\376\377\0003\000\040\000R\000E\000S\000E\000A\000R\000C\000H\000\040\000M\000E\000T\000H\000O\000D\000O\000L\000O\000G\000Y}{}% 22
\BOOKMARK [1][-]{section.42}{\376\377\0003\000.\0001\000\040\000R\000e\000s\000e\000a\000r\000c\000h\000\040\000D\000e\000s\000i\000g\000n}{chapter.41}% 23
\BOOKMARK [1][-]{section.43}{\376\377\0003\000.\0002\000\040\000D\000a\000t\000a\000s\000e\000t}{chapter.41}% 24
\BOOKMARK [2][-]{subsection.44}{\376\377\0003\000.\0002\000.\0001\000\040\000S\000t\000o\000c\000k\000\040\000S\000e\000l\000e\000c\000t\000i\000o\000n}{section.43}% 25
\BOOKMARK [2][-]{subsection.46}{\376\377\0003\000.\0002\000.\0002\000\040\000P\000r\000e\000p\000r\000o\000c\000e\000s\000s\000i\000n\000g}{section.43}% 26
\BOOKMARK [1][-]{section.47}{\376\377\0003\000.\0003\000\040\000E\000x\000p\000l\000o\000r\000a\000t\000o\000r\000y\000\040\000D\000a\000t\000a\000\040\000A\000n\000a\000l\000y\000s\000i\000s}{chapter.41}% 27
\BOOKMARK [1][-]{section.50}{\376\377\0003\000.\0004\000\040\000F\000e\000a\000t\000u\000r\000e\000\040\000E\000n\000g\000i\000n\000e\000e\000r\000i\000n\000g}{chapter.41}% 28
\BOOKMARK [2][-]{subsection.51}{\376\377\0003\000.\0004\000.\0001\000\040\000M\000u\000l\000t\000i\000-\000S\000c\000a\000l\000e\000\040\000R\000e\000a\000l\000i\000z\000e\000d\000\040\000V\000o\000l\000a\000t\000i\000l\000i\000t\000y\000\040\000\050\0004\000\040\000f\000e\000a\000t\000u\000r\000e\000s\000\051}{section.50}% 29
\BOOKMARK [2][-]{subsection.53}{\376\377\0003\000.\0004\000.\0002\000\040\000H\000A\000R\000-\000R\000V\000\040\000L\000a\000g\000\040\000F\000e\000a\000t\000u\000r\000e\000s\000\040\000\050\0004\000\040\000f\000e\000a\000t\000u\000r\000e\000s\000\051}{section.50}% 30
\BOOKMARK [2][-]{subsection.54}{\376\377\0003\000.\0004\000.\0003\000\040\000J\000u\000m\000p\000\040\000D\000e\000t\000e\000c\000t\000i\000o\000n\000\040\000\050\0003\000\040\000f\000e\000a\000t\000u\000r\000e\000s\000\051}{section.50}% 31
\BOOKMARK [2][-]{subsection.57}{\376\377\0003\000.\0004\000.\0004\000\040\000R\000a\000n\000g\000e\000-\000B\000a\000s\000e\000d\000\040\000E\000s\000t\000i\000m\000a\000t\000o\000r\000s\000\040\000\050\0003\000\040\000f\000e\000a\000t\000u\000r\000e\000s\000\051}{section.50}% 32
\BOOKMARK [2][-]{subsection.61}{\376\377\0003\000.\0004\000.\0005\000\040\000G\000A\000R\000C\000H\000\040\000a\000n\000d\000\040\000C\000r\000o\000s\000s\000-\000A\000s\000s\000e\000t\000\040\000F\000e\000a\000t\000u\000r\000e\000s\000\040\000\050\0004\000\040\000f\000e\000a\000t\000u\000r\000e\000s\000\051}{section.50}% 33
\BOOKMARK [2][-]{subsection.62}{\376\377\0003\000.\0004\000.\0006\000\040\000T\000e\000m\000p\000o\000r\000a\000l\000\040\000E\000n\000c\000o\000d\000i\000n\000g\000s\000\040\000\050\0006\000\040\000f\000e\000a\000t\000u\000r\000e\000s\000\051}{section.50}% 34
\BOOKMARK [2][-]{subsection.63}{\376\377\0003\000.\0004\000.\0007\000\040\000F\000e\000a\000t\000u\000r\000e\000\040\000I\000n\000p\000u\000t\000\040\000C\000a\000t\000e\000g\000o\000r\000i\000e\000s}{section.50}% 35
\BOOKMARK [1][-]{section.64}{\376\377\0003\000.\0005\000\040\000T\000a\000r\000g\000e\000t\000\040\000V\000a\000r\000i\000a\000b\000l\000e}{chapter.41}% 36
\BOOKMARK [1][-]{section.66}{\376\377\0003\000.\0006\000\040\000R\000e\000g\000i\000m\000e\000\040\000D\000e\000t\000e\000c\000t\000i\000o\000n}{chapter.41}% 37
\BOOKMARK [1][-]{section.67}{\376\377\0003\000.\0007\000\040\000T\000e\000m\000p\000o\000r\000a\000l\000\040\000F\000u\000s\000i\000o\000n\000\040\000T\000r\000a\000n\000s\000f\000o\000r\000m\000e\000r\000\040\000A\000r\000c\000h\000i\000t\000e\000c\000t\000u\000r\000e}{chapter.41}% 38
\BOOKMARK [1][-]{section.72}{\376\377\0003\000.\0008\000\040\000M\000o\000d\000e\000l\000\040\000C\000o\000n\000f\000i\000g\000u\000r\000a\000t\000i\000o\000n}{chapter.41}% 39
\BOOKMARK [1][-]{section.74}{\376\377\0003\000.\0009\000\040\000E\000v\000a\000l\000u\000a\000t\000i\000o\000n\000\040\000M\000e\000t\000r\000i\000c\000s}{chapter.41}% 40
\BOOKMARK [0][-]{chapter.75}{\376\377\0004\000\040\000A\000C\000T\000U\000A\000L\000\040\000W\000O\000R\000K}{}% 41
\BOOKMARK [1][-]{section.76}{\376\377\0004\000.\0001\000\040\000S\000y\000s\000t\000e\000m\000\040\000A\000r\000c\000h\000i\000t\000e\000c\000t\000u\000r\000e}{chapter.75}% 42
\BOOKMARK [1][-]{section.78}{\376\377\0004\000.\0002\000\040\000D\000a\000t\000a\000\040\000I\000n\000g\000e\000s\000t\000i\000o\000n\000\040\000a\000n\000d\000\040\000C\000l\000e\000a\000n\000i\000n\000g}{chapter.75}% 43
\BOOKMARK [1][-]{section.83}{\376\377\0004\000.\0003\000\040\000F\000e\000a\000t\000u\000r\000e\000\040\000E\000x\000t\000r\000a\000c\000t\000i\000o\000n\000\040\000M\000o\000d\000u\000l\000e\000s}{chapter.75}% 44
\BOOKMARK [2][-]{subsection.84}{\376\377\0004\000.\0003\000.\0001\000\040\000R\000e\000a\000l\000i\000z\000e\000d\000\040\000V\000o\000l\000a\000t\000i\000l\000i\000t\000y\000\040\000a\000n\000d\000\040\000H\000A\000R\000-\000R\000V\000\040\000L\000a\000g\000s}{section.83}% 45
\BOOKMARK [2][-]{subsection.85}{\376\377\0004\000.\0003\000.\0002\000\040\000J\000u\000m\000p\000\040\000D\000e\000t\000e\000c\000t\000i\000o\000n}{section.83}% 46
\BOOKMARK [2][-]{subsection.86}{\376\377\0004\000.\0003\000.\0003\000\040\000R\000a\000n\000g\000e\000\040\000E\000s\000t\000i\000m\000a\000t\000o\000r\000s}{section.83}% 47
\BOOKMARK [2][-]{subsection.87}{\376\377\0004\000.\0003\000.\0004\000\040\000G\000A\000R\000C\000H\000\040\000a\000n\000d\000\040\000C\000r\000o\000s\000s\000-\000A\000s\000s\000e\000t\000\040\000M\000o\000d\000u\000l\000e}{section.83}% 48
\BOOKMARK [1][-]{section.88}{\376\377\0004\000.\0004\000\040\000R\000e\000g\000i\000m\000e\000\040\000D\000e\000t\000e\000c\000t\000i\000o\000n\000\040\000I\000m\000p\000l\000e\000m\000e\000n\000t\000a\000t\000i\000o\000n}{chapter.75}% 49
\BOOKMARK [1][-]{section.89}{\376\377\0004\000.\0005\000\040\000T\000F\000T\000\040\000T\000r\000a\000i\000n\000i\000n\000g\000\040\000P\000i\000p\000e\000l\000i\000n\000e}{chapter.75}% 50
\BOOKMARK [1][-]{section.94}{\376\377\0004\000.\0006\000\040\000A\000b\000l\000a\000t\000i\000o\000n\000\040\000S\000t\000u\000d\000y\000\040\000D\000e\000s\000i\000g\000n}{chapter.75}% 51
\BOOKMARK [1][-]{section.95}{\376\377\0004\000.\0007\000\040\000B\000a\000s\000e\000l\000i\000n\000e\000\040\000I\000m\000p\000l\000e\000m\000e\000n\000t\000a\000t\000i\000o\000n\000s}{chapter.75}% 52
\BOOKMARK [1][-]{section.96}{\376\377\0004\000.\0008\000\040\000T\000o\000o\000l\000s\000\040\000a\000n\000d\000\040\000T\000e\000c\000h\000n\000o\000l\000o\000g\000i\000e\000s}{chapter.75}% 53
\BOOKMARK [0][-]{chapter.98}{\376\377\0005\000\040\000R\000E\000S\000U\000L\000T\000S\000,\000\040\000D\000I\000S\000C\000U\000S\000S\000I\000O\000N\000S\000\040\000A\000N\000D\000\040\000C\000O\000N\000C\000L\000U\000S\000I\000O\000N\000S}{}% 54
\BOOKMARK [1][-]{section.99}{\376\377\0005\000.\0001\000\040\000R\000e\000s\000u\000l\000t\000s\000\040\000\046\000\040\000A\000n\000a\000l\000y\000s\000i\000s}{chapter.98}% 55
\BOOKMARK [2][-]{subsection.100}{\376\377\0005\000.\0001\000.\0001\000\040\000A\000b\000l\000a\000t\000i\000o\000n\000\040\000S\000t\000u\000d\000y\000:\000\040\000M\000a\000i\000n\000\040\000F\000i\000n\000d\000i\000n\000g\000s}{section.99}% 56
\BOOKMARK [2][-]{subsection.103}{\376\377\0005\000.\0001\000.\0002\000\040\000P\000e\000r\000-\000S\000t\000o\000c\000k\000\040\000A\000n\000a\000l\000y\000s\000i\000s}{section.99}% 57
\BOOKMARK [1][-]{section.106}{\376\377\0005\000.\0002\000\040\000C\000o\000m\000p\000a\000r\000a\000t\000i\000v\000e\000\040\000S\000t\000u\000d\000y}{chapter.98}% 58
\BOOKMARK [2][-]{subsection.107}{\376\377\0005\000.\0002\000.\0001\000\040\000R\000e\000g\000i\000m\000e\000-\000C\000o\000n\000d\000i\000t\000i\000o\000n\000e\000d\000\040\000P\000e\000r\000f\000o\000r\000m\000a\000n\000c\000e}{section.106}% 59
\BOOKMARK [1][-]{section.110}{\376\377\0005\000.\0003\000\040\000D\000i\000s\000c\000u\000s\000s\000i\000o\000n\000s}{chapter.98}% 60
\BOOKMARK [2][-]{subsection.111}{\376\377\0005\000.\0003\000.\0001\000\040\000I\000n\000t\000e\000r\000p\000r\000e\000t\000a\000b\000i\000l\000i\000t\000y\000:\000\040\000V\000a\000r\000i\000a\000b\000l\000e\000\040\000S\000e\000l\000e\000c\000t\000i\000o\000n\000\040\000N\000e\000t\000w\000o\000r\000k}{section.110}% 61
\BOOKMARK [2][-]{subsection.113}{\376\377\0005\000.\0003\000.\0002\000\040\000D\000a\000t\000a\000\040\000I\000n\000t\000e\000g\000r\000i\000t\000y}{section.110}% 62
\BOOKMARK [1][-]{section.114}{\376\377\0005\000.\0004\000\040\000P\000r\000o\000j\000e\000c\000t\000\040\000I\000m\000p\000a\000c\000t\000\040\000a\000n\000d\000\040\000S\000D\000G\000\040\000C\000o\000m\000p\000l\000i\000a\000n\000c\000e}{chapter.98}% 63
\BOOKMARK [1][-]{section.115}{\376\377\0005\000.\0005\000\040\000C\000o\000n\000c\000l\000u\000s\000i\000o\000n\000s}{chapter.98}% 64
\BOOKMARK [1][-]{section.121}{\376\377\0005\000.\0006\000\040\000S\000c\000o\000p\000e\000\040\000f\000o\000r\000\040\000F\000u\000t\000u\000r\000e\000\040\000W\000o\000r\000k}{chapter.98}% 65
\BOOKMARK [0][-]{dummy.122}{\376\377\000B\000I\000B\000L\000I\000O\000G\000R\000A\000P\000H\000Y}{}% 66
\BOOKMARK [0][-]{dummy.124}{\376\377\000P\000U\000B\000L\000I\000C\000A\000T\000I\000O\000N\000\040\000D\000E\000T\000A\000I\000L\000S}{}% 67
\BOOKMARK [0][-]{appendix.125}{\376\377\000A\000\040\000C\000o\000m\000p\000l\000e\000t\000e\000\040\000F\000e\000a\000t\000u\000r\000e\000\040\000L\000i\000s\000t}{}% 68
\BOOKMARK [0][-]{appendix.127}{\376\377\000B\000\040\000P\000e\000r\000-\000S\000t\000o\000c\000k\000\040\000R\000e\000g\000i\000m\000e\000\040\000P\000e\000r\000f\000o\000r\000m\000a\000n\000c\000e}{}% 69
